<?xml version="1.0" encoding="UTF-8"?>
<!-- Generated by org.testng.reporters.JUnitXMLReporter -->
<testsuite ignored="0" hostname="TI012586674557" failures="0" tests="5" name="Default test" time="0.059" errors="0" timestamp="2021-02-15T10:26:37 EST">
  <testcase classname="com.gs.number.multiple.missing.number.finder.MissingMultipleNumbersFinderUsingXORTest" name="testEmptyScnerio" time="0.007"/>
  <testcase classname="com.gs.number.multiple.missing.number.finder.MissingMultipleNumbersFinderUsingXORTest" name="testFirstNumberMissingScnerio" time="0.001"/>
  <testcase classname="com.gs.number.multiple.missing.number.finder.MissingMultipleNumbersFinderUsingXORTest" name="testLastMissingScnerio" time="0.001"/>
  <testcase classname="com.gs.number.multiple.missing.number.finder.MissingMultipleNumbersFinderUsingXORTest" name="testMiddleScnerio" time="0.002"/>
  <testcase classname="com.gs.number.multiple.missing.number.finder.MissingMultipleNumbersFinderUsingXORTest" name="testNullScnerio" time="0.001"/>
</testsuite> <!-- Default test -->
